<?xml version="1.0" encoding="UTF-8"?>
<!-- Generated by org.testng.reporters.JUnitReportReporter -->
<testsuite hostname="WFH_Kamlesh" failures="0" tests="4" name="com.pm.qa.testcases.HomePageTest" time="159.834" errors="0" timestamp="2020-07-15T18:22:33 IST" skipped="0">
  <testcase classname="com.pm.qa.testcases.HomePageTest" name="verifySearchByProgramName" time="26.051"/>
  <system-out/>
  <testcase classname="com.pm.qa.testcases.HomePageTest" name="verifyEditProgram" time="64.601"/>
  <system-out/>
  <testcase classname="com.pm.qa.testcases.HomePageTest" name="verifyActiveProgram" time="46.029"/>
  <system-out/>
  <testcase classname="com.pm.qa.testcases.HomePageTest" name="verifyDeleteProgram" time="23.153"/>
  <system-out/>
</testsuite> <!-- com.pm.qa.testcases.HomePageTest -->
