<?xml version="1.0" encoding="UTF-8"?>
<!-- Generated by org.testng.reporters.JUnitReportReporter -->
<testsuite hostname="WFH_Kamlesh" failures="0" tests="2" name="com.pm.qa.testcases.LoginPageTest" time="40.737" errors="0" timestamp="2020-05-28T18:02:50 IST" skipped="0">
  <testcase classname="com.pm.qa.testcases.LoginPageTest" name="verifyCorrectLogin" time="17.713"/>
  <system-out/>
  <testcase classname="com.pm.qa.testcases.LoginPageTest" name="verifyInCorrectLogin" time="23.024"/>
  <system-out/>
</testsuite> <!-- com.pm.qa.testcases.LoginPageTest -->
