<?xml version="1.0" encoding="UTF-8"?>
<!-- Generated by org.testng.reporters.JUnitReportReporter -->
<testsuite hostname="WFH_Kamlesh" failures="0" tests="5" name="com.pm.qa.testcases.LoginPageTest" time="70.251" errors="0" timestamp="2020-07-15T18:22:33 IST" skipped="0">
  <testcase classname="com.pm.qa.testcases.LoginPageTest" name="verifyLoginWithValidUsernamePassword" time="17.477"/>
  <system-out/>
  <testcase classname="com.pm.qa.testcases.LoginPageTest" name="verifyLoginWithInvalidUsername" time="13.281"/>
  <system-out/>
  <testcase classname="com.pm.qa.testcases.LoginPageTest" name="verifyLoginWithInvalidPassword" time="12.849"/>
  <system-out/>
  <testcase classname="com.pm.qa.testcases.LoginPageTest" name="verifyLoginWithEmptyUsername" time="13.134"/>
  <system-out/>
  <testcase classname="com.pm.qa.testcases.LoginPageTest" name="verifyLoginWithEmptyPassword" time="13.510"/>
  <system-out/>
</testsuite> <!-- com.pm.qa.testcases.LoginPageTest -->
