<?xml version="1.0" encoding="UTF-8"?>
<!-- Generated by org.testng.reporters.JUnitReportReporter -->
<testsuite hostname="WFH_Kamlesh" failures="0" tests="3" name="com.pm.qa.testcases.HomePageTest" time="32.030" errors="0" timestamp="2020-05-14T14:52:11 IST" skipped="2">
  <testcase classname="com.pm.qa.testcases.HomePageTest" name="verifyDeleteProgram" time="32.030"/>
  <system-out/>
  <testcase classname="com.pm.qa.testcases.HomePageTest" name="verifySearchByProgramName">
    <skipped/>
  </testcase> <!-- verifySearchByProgramName -->
  <system-out/>
  <testcase classname="com.pm.qa.testcases.HomePageTest" name="verifyEditProgram">
    <skipped/>
  </testcase> <!-- verifyEditProgram -->
  <system-out/>
</testsuite> <!-- com.pm.qa.testcases.HomePageTest -->
