<?xml version="1.0" encoding="UTF-8"?>
<!-- Generated by org.testng.reporters.JUnitReportReporter -->
<testsuite hostname="WFH_Kamlesh" failures="0" tests="3" name="com.pm.qa.testcases.HomePageTest" time="274.334" errors="0" timestamp="2020-05-16T14:08:47 IST" skipped="0">
  <testcase classname="com.pm.qa.testcases.HomePageTest" name="verifySearchByProgramName" time="77.173"/>
  <system-out/>
  <testcase classname="com.pm.qa.testcases.HomePageTest" name="verifyEditProgram" time="111.263"/>
  <system-out/>
  <testcase classname="com.pm.qa.testcases.HomePageTest" name="verifyDeleteProgram" time="85.898"/>
  <system-out/>
</testsuite> <!-- com.pm.qa.testcases.HomePageTest -->
