<?xml version="1.0" encoding="UTF-8"?>
<!-- Generated by org.testng.reporters.JUnitReportReporter -->
<testsuite hostname="WFH_Kamlesh" failures="0" tests="2" name="com.pm.qa.testcases.LoginPageTest" time="38.156" errors="0" timestamp="2020-05-03T17:44:40 IST" skipped="0">
  <testcase classname="com.pm.qa.testcases.LoginPageTest" name="verifyCorrectLogin" time="19.586"/>
  <system-out/>
  <testcase classname="com.pm.qa.testcases.LoginPageTest" name="verifyInCorrectLogin" time="18.570"/>
  <system-out/>
</testsuite> <!-- com.pm.qa.testcases.LoginPageTest -->
