<?xml version="1.0" encoding="UTF-8"?>
<!-- Generated by org.testng.reporters.JUnitReportReporter -->
<testsuite hostname="WFH_Kamlesh" failures="0" tests="3" name="com.pm.qa.testcases.HomePageTest" time="36.983" errors="0" timestamp="2020-05-15T19:39:51 IST" skipped="2">
  <testcase classname="com.pm.qa.testcases.HomePageTest" name="verifyEditProgram" time="36.983"/>
  <system-out/>
  <testcase classname="com.pm.qa.testcases.HomePageTest" name="verifySearchByProgramName">
    <skipped/>
  </testcase> <!-- verifySearchByProgramName -->
  <system-out/>
  <testcase classname="com.pm.qa.testcases.HomePageTest" name="verifyDeleteProgram">
    <skipped/>
  </testcase> <!-- verifyDeleteProgram -->
  <system-out/>
</testsuite> <!-- com.pm.qa.testcases.HomePageTest -->
