<?xml version="1.0" encoding="UTF-8"?>
<!-- Generated by org.testng.reporters.JUnitReportReporter -->
<testsuite hostname="WFH_Kamlesh" failures="0" tests="2" name="com.pm.qa.testcases.LoginPageTest" time="140.757" errors="0" timestamp="2020-05-16T14:08:47 IST" skipped="0">
  <testcase classname="com.pm.qa.testcases.LoginPageTest" name="verifyCorrectLogin" time="71.679"/>
  <system-out/>
  <testcase classname="com.pm.qa.testcases.LoginPageTest" name="verifyInCorrectLogin" time="69.078"/>
  <system-out/>
</testsuite> <!-- com.pm.qa.testcases.LoginPageTest -->
