<?xml version="1.0" encoding="UTF-8"?>
<!-- Generated by org.testng.reporters.JUnitReportReporter -->
<testsuite hostname="WFH_Kamlesh" failures="0" tests="1" name="com.pm.qa.testcases.NewProgramPageTest" time="56.663" errors="0" timestamp="2020-05-10T12:49:40 IST" skipped="0">
  <testcase classname="com.pm.qa.testcases.NewProgramPageTest" name="verifyCreateNewProgram" time="56.663"/>
  <system-out/>
</testsuite> <!-- com.pm.qa.testcases.NewProgramPageTest -->
