<?xml version="1.0" encoding="UTF-8"?>
<!-- Generated by org.testng.reporters.JUnitReportReporter -->
<testsuite hostname="WFH_Kamlesh" failures="0" tests="4" name="com.pm.qa.testcases.HomePageTest" time="230.875" errors="0" timestamp="2020-05-18T14:03:13 IST" skipped="0">
  <testcase classname="com.pm.qa.testcases.HomePageTest" name="verifySearchByProgramName" time="41.747"/>
  <system-out/>
  <testcase classname="com.pm.qa.testcases.HomePageTest" name="verifyEditProgram" time="78.611"/>
  <system-out/>
  <testcase classname="com.pm.qa.testcases.HomePageTest" name="verifyActiveProgram" time="74.350"/>
  <system-out/>
  <testcase classname="com.pm.qa.testcases.HomePageTest" name="verifyDeleteProgram" time="36.167"/>
  <system-out/>
</testsuite> <!-- com.pm.qa.testcases.HomePageTest -->
