<?xml version="1.0" encoding="UTF-8"?>
<!-- Generated by org.testng.reporters.JUnitReportReporter -->
<testsuite hostname="WFH_Kamlesh" failures="0" tests="5" name="com.pm.qa.testcases.LoginPageTest" time="75.862" errors="0" timestamp="2020-07-14T14:54:56 IST" skipped="0">
  <testcase classname="com.pm.qa.testcases.LoginPageTest" name="verifyLoginWithValidUsernamePassword" time="18.609"/>
  <system-out/>
  <testcase classname="com.pm.qa.testcases.LoginPageTest" name="verifyLoginWithInvalidUsername" time="14.552"/>
  <system-out/>
  <testcase classname="com.pm.qa.testcases.LoginPageTest" name="verifyLoginWithInvalidPassword" time="14.172"/>
  <system-out/>
  <testcase classname="com.pm.qa.testcases.LoginPageTest" name="verifyLoginWithEmptyUsername" time="14.591"/>
  <system-out/>
  <testcase classname="com.pm.qa.testcases.LoginPageTest" name="verifyLoginWithEmptyPassword" time="13.938"/>
  <system-out/>
</testsuite> <!-- com.pm.qa.testcases.LoginPageTest -->
