<?xml version="1.0" encoding="UTF-8"?>
<!-- Generated by org.testng.reporters.JUnitReportReporter -->
<testsuite hostname="WFH_Kamlesh" failures="0" tests="5" name="com.pm.qa.testcases.LoginPageTest" time="74.190" errors="0" timestamp="2020-07-15T16:42:53 IST" skipped="0">
  <testcase classname="com.pm.qa.testcases.LoginPageTest" name="verifyLoginWithValidUsernamePassword" time="17.873"/>
  <system-out/>
  <testcase classname="com.pm.qa.testcases.LoginPageTest" name="verifyLoginWithInvalidUsername" time="15.181"/>
  <system-out/>
  <testcase classname="com.pm.qa.testcases.LoginPageTest" name="verifyLoginWithInvalidPassword" time="14.094"/>
  <system-out/>
  <testcase classname="com.pm.qa.testcases.LoginPageTest" name="verifyLoginWithEmptyUsername" time="12.884"/>
  <system-out/>
  <testcase classname="com.pm.qa.testcases.LoginPageTest" name="verifyLoginWithEmptyPassword" time="14.158"/>
  <system-out/>
</testsuite> <!-- com.pm.qa.testcases.LoginPageTest -->
