<?xml version="1.0" encoding="UTF-8"?>
<!-- Generated by org.testng.reporters.JUnitReportReporter -->
<testsuite hostname="WFH_Kamlesh" failures="0" tests="3" name="com.pm.qa.testcases.HomePageTest" time="116.857" errors="0" timestamp="2020-05-16T18:21:43 IST" skipped="0">
  <testcase classname="com.pm.qa.testcases.HomePageTest" name="verifySearchByProgramName" time="20.036"/>
  <system-out/>
  <testcase classname="com.pm.qa.testcases.HomePageTest" name="verifyEditProgram" time="59.108"/>
  <system-out/>
  <testcase classname="com.pm.qa.testcases.HomePageTest" name="verifyDeleteProgram" time="37.713"/>
  <system-out/>
</testsuite> <!-- com.pm.qa.testcases.HomePageTest -->
