<?xml version="1.0" encoding="UTF-8"?>
<!-- Generated by org.testng.reporters.JUnitReportReporter -->
<testsuite hostname="WFH_Kamlesh" failures="0" tests="4" name="com.pm.qa.testcases.HomePageTest" time="191.848" errors="0" timestamp="2020-07-12T14:05:17 IST" skipped="0">
  <testcase classname="com.pm.qa.testcases.HomePageTest" name="verifySearchByProgramName" time="33.826"/>
  <system-out/>
  <testcase classname="com.pm.qa.testcases.HomePageTest" name="verifyEditProgram" time="73.061"/>
  <system-out/>
  <testcase classname="com.pm.qa.testcases.HomePageTest" name="verifyActiveProgram" time="55.339"/>
  <system-out/>
  <testcase classname="com.pm.qa.testcases.HomePageTest" name="verifyDeleteProgram" time="29.622"/>
  <system-out/>
</testsuite> <!-- com.pm.qa.testcases.HomePageTest -->
