<?xml version="1.0" encoding="UTF-8"?>
<!-- Generated by org.testng.reporters.JUnitReportReporter -->
<testsuite hostname="WFH_Kamlesh" failures="0" tests="4" name="com.pm.qa.testcases.HomePageTest" time="175.049" errors="0" timestamp="2020-05-28T18:02:50 IST" skipped="0">
  <testcase classname="com.pm.qa.testcases.HomePageTest" name="verifySearchByProgramName" time="38.729"/>
  <system-out/>
  <testcase classname="com.pm.qa.testcases.HomePageTest" name="verifyEditProgram" time="65.938"/>
  <system-out/>
  <testcase classname="com.pm.qa.testcases.HomePageTest" name="verifyActiveProgram" time="49.355"/>
  <system-out/>
  <testcase classname="com.pm.qa.testcases.HomePageTest" name="verifyDeleteProgram" time="21.027"/>
  <system-out/>
</testsuite> <!-- com.pm.qa.testcases.HomePageTest -->
