<?xml version="1.0" encoding="UTF-8"?>
<!-- Generated by org.testng.reporters.JUnitReportReporter -->
<testsuite hostname="WFH_Kamlesh" failures="0" tests="3" name="com.pm.qa.testcases.HomePageTest" time="131.878" errors="0" timestamp="2020-05-17T11:50:28 IST" skipped="0">
  <testcase classname="com.pm.qa.testcases.HomePageTest" name="verifySearchByProgramName" time="25.678"/>
  <system-out/>
  <testcase classname="com.pm.qa.testcases.HomePageTest" name="verifyEditProgram" time="68.163"/>
  <system-out/>
  <testcase classname="com.pm.qa.testcases.HomePageTest" name="verifyDeleteProgram" time="38.037"/>
  <system-out/>
</testsuite> <!-- com.pm.qa.testcases.HomePageTest -->
