<?xml version="1.0" encoding="UTF-8"?>
<!-- Generated by org.testng.reporters.JUnitReportReporter -->
<testsuite hostname="QA-08" failures="0" tests="1" name="com.usm.qa.testcases.NewStonePageTest_V1" time="216.028" errors="0" timestamp="3 Feb 2020 14:34:46 GMT">
  <testcase classname="com.usm.qa.testcases.NewStonePageTest_V1" name="validateCreateNewStone" time="216.028"/>
</testsuite> <!-- com.usm.qa.testcases.NewStonePageTest_V1 -->
