<?xml version="1.0" encoding="UTF-8"?>
<!-- Generated by org.testng.reporters.JUnitReportReporter -->
<testsuite hostname="WFH_Kamlesh" failures="0" tests="5" name="com.usm.qa.testcases.StonesPageTest" time="105.874" errors="0" timestamp="2020-03-31T11:33:31 IST" skipped="0">
  <testcase classname="com.usm.qa.testcases.StonesPageTest" name="verifyAdvancedFilterLink" time="19.150"/>
  <system-out/>
  <testcase classname="com.usm.qa.testcases.StonesPageTest" name="verifyNewButtonLink" time="18.786"/>
  <system-out/>
  <testcase classname="com.usm.qa.testcases.StonesPageTest" name="verifyOrderLink" time="22.462"/>
  <system-out/>
  <testcase classname="com.usm.qa.testcases.StonesPageTest" name="verifyExportButtonLink" time="27.090"/>
  <system-out/>
  <testcase classname="com.usm.qa.testcases.StonesPageTest" name="verifyClearButton" time="18.386"/>
  <system-out/>
</testsuite> <!-- com.usm.qa.testcases.StonesPageTest -->
