<?xml version="1.0" encoding="UTF-8"?>
<!-- Generated by org.testng.reporters.JUnitReportReporter -->
<testsuite hostname="WFH_Kamlesh" failures="0" tests="4" name="com.usm.qa.testcases.LoginPageTest" time="66.395" errors="0" timestamp="2020-03-31T11:33:31 IST" skipped="0">
  <testcase classname="com.usm.qa.testcases.LoginPageTest" name="loginPageTitleTest" time="15.397"/>
  <system-out/>
  <testcase classname="com.usm.qa.testcases.LoginPageTest" name="VerifySarinelogo" time="17.324"/>
  <system-out/>
  <testcase classname="com.usm.qa.testcases.LoginPageTest" name="loginTest" time="17.166"/>
  <system-out/>
  <testcase classname="com.usm.qa.testcases.LoginPageTest" name="loginTestBoolean" time="16.508"/>
  <system-out/>
</testsuite> <!-- com.usm.qa.testcases.LoginPageTest -->
