<?xml version="1.0" encoding="UTF-8"?>
<!-- Generated by org.testng.reporters.JUnitReportReporter -->
<testsuite hostname="WFH_Kamlesh" failures="0" tests="4" name="com.usm.qa.testcases.LoginPageTest" time="144.710" errors="0" timestamp="2020-04-26T11:15:04 IST" skipped="0">
  <testcase classname="com.usm.qa.testcases.LoginPageTest" name="loginPageTitleTest" time="31.737"/>
  <system-out/>
  <testcase classname="com.usm.qa.testcases.LoginPageTest" name="VerifySarinelogo" time="40.458"/>
  <system-out/>
  <testcase classname="com.usm.qa.testcases.LoginPageTest" name="loginTest" time="31.050"/>
  <system-out/>
  <testcase classname="com.usm.qa.testcases.LoginPageTest" name="VerifyTitleAfterLogin" time="41.465"/>
  <system-out/>
</testsuite> <!-- com.usm.qa.testcases.LoginPageTest -->
