<?xml version="1.0" encoding="UTF-8"?>
<!-- Generated by org.testng.reporters.JUnitReportReporter -->
<testsuite hostname="WFH_Kamlesh" failures="0" tests="3" name="com.usm.qa.testcases.NewStonePageTest" time="150.996" errors="0" timestamp="2020-03-31T12:31:30 IST" skipped="0">
  <testcase classname="com.usm.qa.testcases.NewStonePageTest" name="validateCreateNewStone" time="33.711"/>
  <system-out/>
  <testcase classname="com.usm.qa.testcases.NewStonePageTest" name="validateCreateNewStone" time="50.744"/>
  <system-out/>
  <testcase classname="com.usm.qa.testcases.NewStonePageTest" name="validateCreateNewStone" time="66.541"/>
  <system-out/>
</testsuite> <!-- com.usm.qa.testcases.NewStonePageTest -->
