<?xml version="1.0" encoding="UTF-8"?>
<!-- Generated by org.testng.reporters.JUnitReportReporter -->
<testsuite hostname="QA-08" failures="0" tests="28" name="com.usm.qa.testcases.NewStonePageTest_V2" time="283.277" errors="0" timestamp="4 Feb 2020 09:21:20 GMT">
  <testcase classname="com.usm.qa.testcases.NewStonePageTest_V2" name="validateCreateNewStone" time="9.663"/>
  <testcase classname="com.usm.qa.testcases.NewStonePageTest_V2" name="validateCreateNewStone" time="10.166"/>
  <testcase classname="com.usm.qa.testcases.NewStonePageTest_V2" name="validateCreateNewStone" time="14.224"/>
  <testcase classname="com.usm.qa.testcases.NewStonePageTest_V2" name="validateCreateNewStone" time="10.014"/>
  <testcase classname="com.usm.qa.testcases.NewStonePageTest_V2" name="validateCreateNewStone" time="10.145"/>
  <testcase classname="com.usm.qa.testcases.NewStonePageTest_V2" name="validateCreateNewStone" time="8.804"/>
  <testcase classname="com.usm.qa.testcases.NewStonePageTest_V2" name="validateCreateNewStone" time="8.999"/>
  <testcase classname="com.usm.qa.testcases.NewStonePageTest_V2" name="validateCreateNewStone" time="8.298"/>
  <testcase classname="com.usm.qa.testcases.NewStonePageTest_V2" name="validateCreateNewStone" time="10.053"/>
  <testcase classname="com.usm.qa.testcases.NewStonePageTest_V2" name="validateCreateNewStone" time="10.190"/>
  <testcase classname="com.usm.qa.testcases.NewStonePageTest_V2" name="validateCreateNewStone" time="17.916"/>
  <testcase classname="com.usm.qa.testcases.NewStonePageTest_V2" name="validateCreateNewStone" time="10.893"/>
  <testcase classname="com.usm.qa.testcases.NewStonePageTest_V2" name="validateCreateNewStone" time="8.860"/>
  <testcase classname="com.usm.qa.testcases.NewStonePageTest_V2" name="validateCreateNewStone" time="9.198"/>
  <testcase classname="com.usm.qa.testcases.NewStonePageTest_V2" name="validateCreateNewStone" time="8.041"/>
  <testcase classname="com.usm.qa.testcases.NewStonePageTest_V2" name="validateCreateNewStone" time="10.439"/>
  <testcase classname="com.usm.qa.testcases.NewStonePageTest_V2" name="validateCreateNewStone" time="9.114"/>
  <testcase classname="com.usm.qa.testcases.NewStonePageTest_V2" name="validateCreateNewStone" time="8.677"/>
  <testcase classname="com.usm.qa.testcases.NewStonePageTest_V2" name="validateCreateNewStone" time="8.217"/>
  <testcase classname="com.usm.qa.testcases.NewStonePageTest_V2" name="validateCreateNewStone" time="8.304"/>
  <testcase classname="com.usm.qa.testcases.NewStonePageTest_V2" name="validateCreateNewStone" time="9.314"/>
  <testcase classname="com.usm.qa.testcases.NewStonePageTest_V2" name="validateCreateNewStone" time="9.306"/>
  <testcase classname="com.usm.qa.testcases.NewStonePageTest_V2" name="validateCreateNewStone" time="10.156"/>
  <testcase classname="com.usm.qa.testcases.NewStonePageTest_V2" name="validateCreateNewStone" time="8.864"/>
  <testcase classname="com.usm.qa.testcases.NewStonePageTest_V2" name="validateCreateNewStone" time="17.194"/>
  <testcase classname="com.usm.qa.testcases.NewStonePageTest_V2" name="validateCreateNewStone" time="9.470"/>
  <testcase classname="com.usm.qa.testcases.NewStonePageTest_V2" name="validateCreateNewStone" time="9.814"/>
  <testcase classname="com.usm.qa.testcases.NewStonePageTest_V2" name="validateCreateNewStone" time="8.944"/>
</testsuite> <!-- com.usm.qa.testcases.NewStonePageTest_V2 -->
