<?xml version="1.0" encoding="UTF-8"?>
<!-- Generated by org.testng.reporters.JUnitReportReporter -->
<testsuite hostname="WFH_Kamlesh" failures="0" tests="4" name="com.usm.qa.testcases.HomePageTest" time="72.504" errors="0" timestamp="2020-03-31T11:33:31 IST" skipped="0">
  <testcase classname="com.usm.qa.testcases.HomePageTest" name="verifyHomePageTitle" time="15.796"/>
  <system-out/>
  <testcase classname="com.usm.qa.testcases.HomePageTest" name="verifyuserName" time="18.509"/>
  <system-out/>
  <testcase classname="com.usm.qa.testcases.HomePageTest" name="verifyuserNameDisplay" time="18.243"/>
  <system-out/>
  <testcase classname="com.usm.qa.testcases.HomePageTest" name="verifyarchivePageTitle" time="19.956"/>
  <system-out/>
</testsuite> <!-- com.usm.qa.testcases.HomePageTest -->
