<?xml version="1.0" encoding="UTF-8"?>
<!-- Generated by org.testng.reporters.JUnitReportReporter -->
<testsuite hostname="WFH_Kamlesh" failures="0" tests="2" name="com.usm.qa.testcases.StonesGridTest" time="71.621" errors="0" timestamp="2020-03-31T11:33:31 IST" skipped="0">
  <testcase classname="com.usm.qa.testcases.StonesGridTest" name="verifySelectAllPageCheckbox" time="18.194"/>
  <system-out/>
  <testcase classname="com.usm.qa.testcases.StonesGridTest" name="verifyClickSelectAllPageCheckbox" time="53.427"/>
  <system-out/>
</testsuite> <!-- com.usm.qa.testcases.StonesGridTest -->
