<?xml version="1.0" encoding="UTF-8"?>
<!-- Generated by org.testng.reporters.JUnitReportReporter -->
<testsuite hostname="WFH_Kamlesh" failures="0" tests="10" name="InvocationCoutTest" time="0.009" errors="0" timestamp="2020-04-12T14:30:23 IST" skipped="0">
  <testcase classname="InvocationCoutTest" name="sum" time="0.000"/>
  <system-out/>
  <testcase classname="InvocationCoutTest" name="sum" time="0.000"/>
  <system-out/>
  <testcase classname="InvocationCoutTest" name="sum" time="0.001"/>
  <system-out/>
  <testcase classname="InvocationCoutTest" name="sum" time="0.000"/>
  <system-out/>
  <testcase classname="InvocationCoutTest" name="sum" time="0.001"/>
  <system-out/>
  <testcase classname="InvocationCoutTest" name="sum" time="0.001"/>
  <system-out/>
  <testcase classname="InvocationCoutTest" name="sum" time="0.000"/>
  <system-out/>
  <testcase classname="InvocationCoutTest" name="sum" time="0.005"/>
  <system-out/>
  <testcase classname="InvocationCoutTest" name="sum" time="0.001"/>
  <system-out/>
  <testcase classname="InvocationCoutTest" name="sum" time="0.000"/>
  <system-out/>
</testsuite> <!-- InvocationCoutTest -->
