<?xml version="1.0" encoding="UTF-8"?>
<!-- Generated by org.testng.reporters.JUnitReportReporter -->
<testsuite hostname="WFH_Kamlesh" failures="0" tests="2" name="MyTests.LogsLoginTest" time="32.783" errors="0" timestamp="2020-04-18T15:19:45 IST" skipped="0">
  <testcase classname="MyTests.LogsLoginTest" name="freecrmTitleTest" time="15.949"/>
  <system-out/>
  <testcase classname="MyTests.LogsLoginTest" name="freecrmLogoTest" time="16.834"/>
  <system-out/>
</testsuite> <!-- MyTests.LogsLoginTest -->
