<?xml version="1.0" encoding="UTF-8"?>
<!-- Generated by org.testng.reporters.JUnitReportReporter -->
<testsuite hostname="WFH_Kamlesh" failures="0" tests="3" name="TestNgBasics" time="0.006" errors="0" timestamp="2020-04-12T11:36:54 IST" skipped="0">
  <testcase classname="TestNgBasics" name="testCase1" time="0.003"/>
  <system-out/>
  <testcase classname="TestNgBasics" name="testCase2" time="0.001"/>
  <system-out/>
  <testcase classname="TestNgBasics" name="testCase3" time="0.002"/>
  <system-out/>
</testsuite> <!-- TestNgBasics -->
