<?xml version="1.0" encoding="UTF-8"?>
<!-- Generated by org.testng.reporters.JUnitReportReporter -->
<testsuite hostname="WFH_Kamlesh" failures="0" tests="5" name="MyTests.GoogleTest" time="69.273" errors="0" timestamp="2020-04-12T17:45:11 IST" skipped="0">
  <testcase classname="MyTests.GoogleTest" name="googleTitleTest" time="12.018"/>
  <system-out/>
  <testcase classname="MyTests.GoogleTest" name="googleEmailLinkTest" time="11.447"/>
  <system-out/>
  <testcase classname="MyTests.GoogleTest" name="googleLogoTest" time="22.727"/>
  <system-out/>
  <testcase classname="MyTests.GoogleTest" name="TC1" time="11.420"/>
  <system-out/>
  <testcase classname="MyTests.GoogleTest" name="TC2" time="11.661"/>
  <system-out/>
</testsuite> <!-- MyTests.GoogleTest -->
