<?xml version="1.0" encoding="UTF-8"?>
<!-- Generated by org.testng.reporters.JUnitReportReporter -->
<testsuite hostname="WFH_Kamlesh" failures="0" tests="1" name="MyTests.KeyPressEven" time="16.205" errors="0" timestamp="2020-04-17T18:29:54 IST" skipped="0">
  <testcase classname="MyTests.KeyPressEven" name="keyEventTest" time="16.205"/>
  <system-out/>
</testsuite> <!-- MyTests.KeyPressEven -->
