<?xml version="1.0" encoding="UTF-8"?>
<!-- Generated by org.testng.reporters.JUnitReportReporter -->
<testsuite hostname="WFH_Kamlesh" failures="0" tests="4" name="TestNGFeatures" time="0.006" errors="0" timestamp="2020-04-12T14:26:35 IST" skipped="0">
  <testcase classname="TestNGFeatures" name="RegPageTest" time="0.001"/>
  <system-out/>
  <testcase classname="TestNGFeatures" name="HomePageTest" time="0.001"/>
  <system-out/>
  <testcase classname="TestNGFeatures" name="login" time="0.004"/>
  <system-out/>
  <testcase classname="TestNGFeatures" name="SearchPageTest" time="0.000"/>
  <system-out/>
</testsuite> <!-- TestNGFeatures -->
