<?xml version="1.0" encoding="UTF-8"?>
<!-- Generated by org.testng.reporters.JUnitReportReporter -->
<testsuite hostname="WFH_Kamlesh" failures="0" tests="2" name="MyTests.VerboseInTestngxml" time="45.883" errors="0" timestamp="2020-04-14T16:45:31 IST" skipped="0">
  <testcase classname="MyTests.VerboseInTestngxml" name="googleLogoTest" time="32.452"/>
  <system-out/>
  <testcase classname="MyTests.VerboseInTestngxml" name="googleTitleTest" time="13.431"/>
  <system-out/>
</testsuite> <!-- MyTests.VerboseInTestngxml -->
