<?xml version="1.0" encoding="UTF-8"?>
<!-- Generated by org.testng.reporters.JUnitReportReporter -->
<testsuite hostname="WFH_Kamlesh" failures="0" tests="2" name="MyTests.GoogleTitleTest" time="23.402" errors="0" timestamp="2020-04-12T17:45:11 IST" skipped="0">
  <testcase classname="MyTests.GoogleTitleTest" name="googleLogoTest" time="11.885"/>
  <system-out/>
  <testcase classname="MyTests.GoogleTitleTest" name="googleTitleTest" time="11.517"/>
  <system-out/>
</testsuite> <!-- MyTests.GoogleTitleTest -->
