<?xml version="1.0" encoding="UTF-8"?>
<!-- Generated by org.testng.reporters.JUnitReportReporter -->
<testsuite hostname="WFH_Kamlesh" failures="0" tests="2" name="MyTests.GoogleTitleTest_1" time="0.007" errors="0" timestamp="2020-04-13T14:46:50 IST" skipped="1">
  <testcase classname="MyTests.GoogleTitleTest_1" name="googleTitleTest" time="0.007"/>
  <system-out/>
  <testcase classname="MyTests.GoogleTitleTest_1" name="googleLogoTest">
    <skipped/>
  </testcase> <!-- googleLogoTest -->
  <system-out/>
</testsuite> <!-- MyTests.GoogleTitleTest_1 -->
