<?xml version="1.0" encoding="UTF-8"?>
<!-- Generated by org.testng.reporters.JUnitReportReporter -->
<testsuite hostname="WFH_Kamlesh" failures="0" tests="5" name="MyTests.UsingWebDriverManager" time="39.780" errors="0" timestamp="2020-04-25T16:29:49 IST" skipped="0">
  <testcase classname="MyTests.UsingWebDriverManager" name="googleTitleTest" time="7.632"/>
  <system-out/>
  <testcase classname="MyTests.UsingWebDriverManager" name="googleEmailLinkTest" time="8.335"/>
  <system-out/>
  <testcase classname="MyTests.UsingWebDriverManager" name="googleLogoTest" time="8.505"/>
  <system-out/>
  <testcase classname="MyTests.UsingWebDriverManager" name="TC1" time="7.868"/>
  <system-out/>
  <testcase classname="MyTests.UsingWebDriverManager" name="TC2" time="7.440"/>
  <system-out/>
</testsuite> <!-- MyTests.UsingWebDriverManager -->
