<?xml version="1.0" encoding="UTF-8"?>
<!-- Generated by org.testng.reporters.JUnitReportReporter -->
<testsuite hostname="WFH_Kamlesh" failures="0" tests="1" name="PageTest" time="22.388" errors="0" timestamp="2020-04-10T11:59:28 IST" skipped="0">
  <testcase classname="PageTest" name="testMethod1" time="22.388"/>
  <system-out/>
</testsuite> <!-- PageTest -->
