<?xml version="1.0" encoding="UTF-8"?>
<!-- Generated by org.testng.reporters.JUnitReportReporter -->
<testsuite hostname="WFH_Kamlesh" failures="0" tests="5" name="GoogleTest" time="59.564" errors="0" timestamp="2020-04-12T14:23:14 IST" skipped="0">
  <testcase classname="GoogleTest" name="googleTitleTest" time="11.429"/>
  <system-out/>
  <testcase classname="GoogleTest" name="googleEmailLinkTest" time="11.440"/>
  <system-out/>
  <testcase classname="GoogleTest" name="googleLogoTest" time="12.781"/>
  <system-out/>
  <testcase classname="GoogleTest" name="TC1" time="12.217"/>
  <system-out/>
  <testcase classname="GoogleTest" name="TC2" time="11.697"/>
  <system-out/>
</testsuite> <!-- GoogleTest -->
