<?xml version="1.0" encoding="UTF-8"?>
<!-- Generated by org.testng.reporters.JUnitReportReporter -->
<testsuite hostname="WFH_Kamlesh" failures="0" tests="3" name="MyTests.TestNgBasics" time="0.005" errors="0" timestamp="2020-04-13T14:42:03 IST" skipped="0">
  <testcase classname="MyTests.TestNgBasics" name="testCase1" time="0.003"/>
  <system-out/>
  <testcase classname="MyTests.TestNgBasics" name="testCase2" time="0.002"/>
  <system-out/>
  <testcase classname="MyTests.TestNgBasics" name="testCase3" time="0.000"/>
  <system-out/>
</testsuite> <!-- MyTests.TestNgBasics -->
