<?xml version="1.0" encoding="UTF-8"?>
<!-- Generated by org.testng.reporters.JUnitReportReporter -->
<testsuite hostname="WFH_Kamlesh" failures="0" tests="10" name="MyTests.InvocationCoutTest" time="0.004" errors="0" timestamp="2020-04-12T17:45:11 IST" skipped="0">
  <testcase classname="MyTests.InvocationCoutTest" name="sum" time="0.001"/>
  <system-out/>
  <testcase classname="MyTests.InvocationCoutTest" name="sum" time="0.001"/>
  <system-out/>
  <testcase classname="MyTests.InvocationCoutTest" name="sum" time="0.001"/>
  <system-out/>
  <testcase classname="MyTests.InvocationCoutTest" name="sum" time="0.000"/>
  <system-out/>
  <testcase classname="MyTests.InvocationCoutTest" name="sum" time="0.000"/>
  <system-out/>
  <testcase classname="MyTests.InvocationCoutTest" name="sum" time="0.000"/>
  <system-out/>
  <testcase classname="MyTests.InvocationCoutTest" name="sum" time="0.000"/>
  <system-out/>
  <testcase classname="MyTests.InvocationCoutTest" name="sum" time="0.000"/>
  <system-out/>
  <testcase classname="MyTests.InvocationCoutTest" name="sum" time="0.000"/>
  <system-out/>
  <testcase classname="MyTests.InvocationCoutTest" name="sum" time="0.001"/>
  <system-out/>
</testsuite> <!-- MyTests.InvocationCoutTest -->
