<?xml version="1.0" encoding="UTF-8"?>
<!-- Generated by org.testng.reporters.JUnitReportReporter -->
<testsuite hostname="WFH_Kamlesh" failures="0" tests="1" name="MyTests.ScreenshotTest" time="12.819" errors="0" timestamp="2020-04-14T15:47:25 IST" skipped="0">
  <testcase classname="MyTests.ScreenshotTest" name="takeScreenshotTest" time="12.819"/>
  <system-out/>
</testsuite> <!-- MyTests.ScreenshotTest -->
