<?xml version="1.0" encoding="UTF-8"?>
<!-- Generated by org.testng.reporters.JUnitReportReporter -->
<testsuite hostname="WFH_Kamlesh" failures="0" tests="5" name="MyTests.GoogleTest" time="71.027" errors="0" timestamp="2020-04-25T16:27:53 IST" skipped="0">
  <testcase classname="MyTests.GoogleTest" name="googleTitleTest" time="24.489"/>
  <system-out/>
  <testcase classname="MyTests.GoogleTest" name="googleEmailLinkTest" time="11.841"/>
  <system-out/>
  <testcase classname="MyTests.GoogleTest" name="googleLogoTest" time="11.710"/>
  <system-out/>
  <testcase classname="MyTests.GoogleTest" name="TC1" time="11.478"/>
  <system-out/>
  <testcase classname="MyTests.GoogleTest" name="TC2" time="11.509"/>
  <system-out/>
</testsuite> <!-- MyTests.GoogleTest -->
