<?xml version="1.0" encoding="UTF-8"?>
<!-- Generated by org.testng.reporters.JUnitReportReporter -->
<testsuite hostname="WFH_Kamlesh" failures="0" tests="2" name="GoogleTitleTest" time="23.411" errors="0" timestamp="2020-04-12T14:52:39 IST" skipped="0">
  <testcase classname="GoogleTitleTest" name="googleLogoTest" time="11.584"/>
  <system-out/>
  <testcase classname="GoogleTitleTest" name="googleTitleTest" time="11.827"/>
  <system-out/>
</testsuite> <!-- GoogleTitleTest -->
