<?xml version="1.0" encoding="UTF-8"?>
<!-- Generated by org.testng.reporters.JUnitReportReporter -->
<testsuite hostname="WFH_Kamlesh" failures="0" tests="3" name="com.parameters.HalfEbayTest" time="81.134" errors="0" timestamp="2020-04-13T14:38:53 IST" skipped="0">
  <testcase classname="com.parameters.HalfEbayTest" name="HalfEbayRegPageTest" time="34.891"/>
  <system-out/>
  <testcase classname="com.parameters.HalfEbayTest" name="HalfEbayRegPageTest" time="33.656"/>
  <system-out/>
  <testcase classname="com.parameters.HalfEbayTest" name="HalfEbayRegPageTest" time="12.587"/>
  <system-out/>
</testsuite> <!-- com.parameters.HalfEbayTest -->
