<?xml version="1.0" encoding="UTF-8"?>
<!-- Generated by org.testng.reporters.JUnitReportReporter -->
<testsuite hostname="WFH_Kamlesh" failures="0" tests="2" name="com.test.utility.Logs" time="31.871" errors="0" timestamp="2020-04-18T15:26:31 IST" skipped="0">
  <testcase classname="com.test.utility.Logs" name="freecrmTitleTest" time="16.011"/>
  <system-out/>
  <testcase classname="com.test.utility.Logs" name="freecrmLogoTest" time="15.860"/>
  <system-out/>
</testsuite> <!-- com.test.utility.Logs -->
