<?xml version="1.0" encoding="UTF-8"?>
<!-- Generated by org.testng.reporters.JUnitReportReporter -->
<testsuite hostname="WFH_Kamlesh" failures="0" tests="1" name="ExceptionTimeOutTest" time="0.004" errors="0" timestamp="2020-04-12T14:41:13 IST" skipped="0">
  <testcase classname="ExceptionTimeOutTest" name="test1" time="0.004"/>
  <system-out/>
</testsuite> <!-- ExceptionTimeOutTest -->
